<?xml version="1.0" encoding="UTF-8"?>
<!-- Generated by org.testng.reporters.JUnitReportReporter -->
<testsuite hostname="LAPTOP-OPDRACTK" failures="0" tests="1" name="Brokenlink.LinkTest.linkTest" time="34.412" errors="0" timestamp="09 Sep 2019 06:49:43 GMT" skipped="0">
  <testcase classname="Brokenlink.LinkTest.linkTest" name="Readfile" time="34.412"/>
</testsuite> <!-- Brokenlink.LinkTest.linkTest -->
